{"name":"as Admin Try Add New Certificate","status":"broken","statusDetails":{"known":false,"muted":false,"flaky":false,"message":"invalid argument: File not found : src/test/java/resources/123.crt\n  (Session info: headless chrome=86.0.4240.75)\nBuild info: version: '3.141.5', revision: 'd54ebd709a', time: '2018-11-06T11:42:16'\nSystem info: host: 'vmWCO', ip: '172.25.0.33', os.name: 'Linux', os.arch: 'amd64', os.version: '4.18.0-193.14.2.el8_2.x86_64', java.version: '1.8.0_265'\nDriver info: org.openqa.selenium.remote.RemoteWebDriver\nCapabilities {acceptInsecureCerts: false, browserName: chrome, browserVersion: 86.0.4240.75, chrome: {chromedriverVersion: 85.0.4183.87 (cd6713ebf92fa..., userDataDir: /tmp/.com.google.Chrome.MQ8D3c}, goog:chromeOptions: {debuggerAddress: localhost:42937}, javascriptEnabled: true, networkConnectionEnabled: false, pageLoadStrategy: normal, platform: LINUX, platformName: LINUX, proxy: Proxy(), setWindowRect: true, strictFileInteractability: false, timeouts: {implicit: 0, pageLoad: 300000, script: 30000}, unhandledPromptBehavior: dismiss and notify, webauthn:virtualAuthenticators: true, webdriver.remote.sessionid: 6a86a65c20f1bb10e9fd28cc9f6...}\nSession ID: 6a86a65c20f1bb10e9fd28cc9f62e465","trace":"org.openqa.selenium.InvalidArgumentException: invalid argument: File not found : src/test/java/resources/123.crt\n  (Session info: headless chrome=86.0.4240.75)\nBuild info: version: '3.141.5', revision: 'd54ebd709a', time: '2018-11-06T11:42:16'\nSystem info: host: 'vmWCO', ip: '172.25.0.33', os.name: 'Linux', os.arch: 'amd64', os.version: '4.18.0-193.14.2.el8_2.x86_64', java.version: '1.8.0_265'\nDriver info: org.openqa.selenium.remote.RemoteWebDriver\nCapabilities {acceptInsecureCerts: false, browserName: chrome, browserVersion: 86.0.4240.75, chrome: {chromedriverVersion: 85.0.4183.87 (cd6713ebf92fa..., userDataDir: /tmp/.com.google.Chrome.MQ8D3c}, goog:chromeOptions: {debuggerAddress: localhost:42937}, javascriptEnabled: true, networkConnectionEnabled: false, pageLoadStrategy: normal, platform: LINUX, platformName: LINUX, proxy: Proxy(), setWindowRect: true, strictFileInteractability: false, timeouts: {implicit: 0, pageLoad: 300000, script: 30000}, unhandledPromptBehavior: dismiss and notify, webauthn:virtualAuthenticators: true, webdriver.remote.sessionid: 6a86a65c20f1bb10e9fd28cc9f6...}\nSession ID: 6a86a65c20f1bb10e9fd28cc9f62e465\n\tat sun.reflect.NativeConstructorAccessorImpl.newInstance0(Native Method)\n\tat sun.reflect.NativeConstructorAccessorImpl.newInstance(NativeConstructorAccessorImpl.java:62)\n\tat sun.reflect.DelegatingConstructorAccessorImpl.newInstance(DelegatingConstructorAccessorImpl.java:45)\n\tat java.lang.reflect.Constructor.newInstance(Constructor.java:423)\n\tat org.openqa.selenium.remote.http.W3CHttpResponseCodec.createException(W3CHttpResponseCodec.java:187)\n\tat org.openqa.selenium.remote.http.W3CHttpResponseCodec.decode(W3CHttpResponseCodec.java:122)\n\tat org.openqa.selenium.remote.http.W3CHttpResponseCodec.decode(W3CHttpResponseCodec.java:49)\n\tat org.openqa.selenium.remote.HttpCommandExecutor.execute(HttpCommandExecutor.java:158)\n\tat org.openqa.selenium.remote.RemoteWebDriver.execute(RemoteWebDriver.java:552)\n\tat org.openqa.selenium.remote.RemoteWebElement.execute(RemoteWebElement.java:285)\n\tat org.openqa.selenium.remote.RemoteWebElement.sendKeys(RemoteWebElement.java:106)\n\tat sun.reflect.NativeMethodAccessorImpl.invoke0(Native Method)\n\tat sun.reflect.NativeMethodAccessorImpl.invoke(NativeMethodAccessorImpl.java:62)\n\tat sun.reflect.DelegatingMethodAccessorImpl.invoke(DelegatingMethodAccessorImpl.java:43)\n\tat java.lang.reflect.Method.invoke(Method.java:498)\n\tat org.openqa.selenium.support.pagefactory.internal.LocatingElementHandler.invoke(LocatingElementHandler.java:51)\n\tat com.sun.proxy.$Proxy18.sendKeys(Unknown Source)\n\tat PageObject.UserAndPermissions.clickIntoAddCertificateButton(UserAndPermissions.java:313)\n\tat Tests.DodanieCertyfikatuDoUsera.test(DodanieCertyfikatuDoUsera.java:26)\n\tat sun.reflect.NativeMethodAccessorImpl.invoke0(Native Method)\n\tat sun.reflect.NativeMethodAccessorImpl.invoke(NativeMethodAccessorImpl.java:62)\n\tat sun.reflect.DelegatingMethodAccessorImpl.invoke(DelegatingMethodAccessorImpl.java:43)\n\tat java.lang.reflect.Method.invoke(Method.java:498)\n\tat org.testng.internal.MethodInvocationHelper.invokeMethod(MethodInvocationHelper.java:133)\n\tat org.testng.internal.TestInvoker.invokeMethod(TestInvoker.java:584)\n\tat org.testng.internal.TestInvoker.retryFailed(TestInvoker.java:204)\n\tat org.testng.internal.MethodRunner.runInSequence(MethodRunner.java:58)\n\tat org.testng.internal.TestInvoker$MethodInvocationAgent.invoke(TestInvoker.java:804)\n\tat org.testng.internal.TestInvoker.invokeTestMethods(TestInvoker.java:145)\n\tat org.testng.internal.TestMethodWorker.invokeTestMethods(TestMethodWorker.java:146)\n\tat org.testng.internal.TestMethodWorker.run(TestMethodWorker.java:128)\n\tat java.util.ArrayList.forEach(ArrayList.java:1259)\n\tat org.testng.TestRunner.privateRun(TestRunner.java:770)\n\tat org.testng.TestRunner.run(TestRunner.java:591)\n\tat org.testng.SuiteRunner.runTest(SuiteRunner.java:402)\n\tat org.testng.SuiteRunner.runSequentially(SuiteRunner.java:396)\n\tat org.testng.SuiteRunner.privateRun(SuiteRunner.java:355)\n\tat org.testng.SuiteRunner.run(SuiteRunner.java:304)\n\tat org.testng.SuiteRunnerWorker.runSuite(SuiteRunnerWorker.java:53)\n\tat org.testng.SuiteRunnerWorker.run(SuiteRunnerWorker.java:96)\n\tat org.testng.TestNG.runSuitesSequentially(TestNG.java:1180)\n\tat org.testng.TestNG.runSuitesLocally(TestNG.java:1102)\n\tat org.testng.TestNG.runSuites(TestNG.java:1032)\n\tat org.testng.TestNG.run(TestNG.java:1000)\n\tat org.apache.maven.surefire.testng.TestNGExecutor.run(TestNGExecutor.java:283)\n\tat org.apache.maven.surefire.testng.TestNGXmlTestSuite.execute(TestNGXmlTestSuite.java:75)\n\tat org.apache.maven.surefire.testng.TestNGProvider.invoke(TestNGProvider.java:120)\n\tat org.apache.maven.surefire.booter.ForkedBooter.invokeProviderInSameClassLoader(ForkedBooter.java:379)\n\tat org.apache.maven.surefire.booter.ForkedBooter.runSuitesInProcess(ForkedBooter.java:340)\n\tat org.apache.maven.surefire.booter.ForkedBooter.execute(ForkedBooter.java:125)\n\tat org.apache.maven.surefire.booter.ForkedBooter.main(ForkedBooter.java:413)\n"},"stage":"finished","steps":[{"name":"typeIntoPhoneNumberField","status":"passed","stage":"finished","steps":[],"attachments":[],"parameters":[{"name":"phoneNumber","value":"+48617890766"}],"start":1602587946283,"stop":1602587946540},{"name":"typeIntoUsernameField","status":"passed","stage":"finished","steps":[],"attachments":[],"parameters":[{"name":"user","value":"u.user1"}],"start":1602587946541,"stop":1602587946769},{"name":"typeIntoPasswordField","status":"passed","stage":"finished","steps":[],"attachments":[],"parameters":[{"name":"pass","value":"pass1"}],"start":1602587946769,"stop":1602587947207},{"name":"clickIntoLogInButton","status":"passed","stage":"finished","steps":[],"attachments":[],"parameters":[],"start":1602587947207,"stop":1602587947545},{"name":"checkPositiveLoginToApp","status":"passed","stage":"finished","steps":[],"attachments":[],"parameters":[],"start":1602587947545,"stop":1602587948404},{"name":"clickOnUserAndPermissionButton","status":"passed","stage":"finished","steps":[],"attachments":[],"parameters":[],"start":1602587948405,"stop":1602587948721},{"name":"clickOnUserButton","status":"passed","stage":"finished","steps":[],"attachments":[],"parameters":[],"start":1602587948721,"stop":1602587949101},{"name":"typeIntoSearchUserField","status":"passed","stage":"finished","steps":[],"attachments":[],"parameters":[{"name":"searchUser","value":"KarolN"}],"start":1602587949101,"stop":1602587951488},{"name":"clickOnSearchButton","status":"passed","stage":"finished","steps":[],"attachments":[],"parameters":[],"start":1602587951488,"stop":1602587952183},{"name":"clickIntoCertificateButton","status":"passed","stage":"finished","steps":[],"attachments":[],"parameters":[],"start":1602587952183,"stop":1602587959801},{"name":"clickIntoAddCertificateButton","status":"broken","statusDetails":{"known":false,"muted":false,"flaky":false,"message":"invalid argument: File not found : src/test/java/resources/123.crt\n  (Session info: headless chrome=86.0.4240.75)\nBuild info: version: '3.141.5', revision: 'd54ebd709a', time: '2018-11-06T11:42:16'\nSystem info: host: 'vmWCO', ip: '172.25.0.33', os.name: 'Linux', os.arch: 'amd64', os.version: '4.18.0-193.14.2.el8_2.x86_64', java.version: '1.8.0_265'\nDriver info: org.openqa.selenium.remote.RemoteWebDriver\nCapabilities {acceptInsecureCerts: false, browserName: chrome, browserVersion: 86.0.4240.75, chrome: {chromedriverVersion: 85.0.4183.87 (cd6713ebf92fa..., userDataDir: /tmp/.com.google.Chrome.MQ8D3c}, goog:chromeOptions: {debuggerAddress: localhost:42937}, javascriptEnabled: true, networkConnectionEnabled: false, pageLoadStrategy: normal, platform: LINUX, platformName: LINUX, proxy: Proxy(), setWindowRect: true, strictFileInteractability: false, timeouts: {implicit: 0, pageLoad: 300000, script: 30000}, unhandledPromptBehavior: dismiss and notify, webauthn:virtualAuthenticators: true, webdriver.remote.sessionid: 6a86a65c20f1bb10e9fd28cc9f6...}\nSession ID: 6a86a65c20f1bb10e9fd28cc9f62e465","trace":"org.openqa.selenium.InvalidArgumentException: invalid argument: File not found : src/test/java/resources/123.crt\n  (Session info: headless chrome=86.0.4240.75)\nBuild info: version: '3.141.5', revision: 'd54ebd709a', time: '2018-11-06T11:42:16'\nSystem info: host: 'vmWCO', ip: '172.25.0.33', os.name: 'Linux', os.arch: 'amd64', os.version: '4.18.0-193.14.2.el8_2.x86_64', java.version: '1.8.0_265'\nDriver info: org.openqa.selenium.remote.RemoteWebDriver\nCapabilities {acceptInsecureCerts: false, browserName: chrome, browserVersion: 86.0.4240.75, chrome: {chromedriverVersion: 85.0.4183.87 (cd6713ebf92fa..., userDataDir: /tmp/.com.google.Chrome.MQ8D3c}, goog:chromeOptions: {debuggerAddress: localhost:42937}, javascriptEnabled: true, networkConnectionEnabled: false, pageLoadStrategy: normal, platform: LINUX, platformName: LINUX, proxy: Proxy(), setWindowRect: true, strictFileInteractability: false, timeouts: {implicit: 0, pageLoad: 300000, script: 30000}, unhandledPromptBehavior: dismiss and notify, webauthn:virtualAuthenticators: true, webdriver.remote.sessionid: 6a86a65c20f1bb10e9fd28cc9f6...}\nSession ID: 6a86a65c20f1bb10e9fd28cc9f62e465\n\tat sun.reflect.NativeConstructorAccessorImpl.newInstance0(Native Method)\n\tat sun.reflect.NativeConstructorAccessorImpl.newInstance(NativeConstructorAccessorImpl.java:62)\n\tat sun.reflect.DelegatingConstructorAccessorImpl.newInstance(DelegatingConstructorAccessorImpl.java:45)\n\tat java.lang.reflect.Constructor.newInstance(Constructor.java:423)\n\tat org.openqa.selenium.remote.http.W3CHttpResponseCodec.createException(W3CHttpResponseCodec.java:187)\n\tat org.openqa.selenium.remote.http.W3CHttpResponseCodec.decode(W3CHttpResponseCodec.java:122)\n\tat org.openqa.selenium.remote.http.W3CHttpResponseCodec.decode(W3CHttpResponseCodec.java:49)\n\tat org.openqa.selenium.remote.HttpCommandExecutor.execute(HttpCommandExecutor.java:158)\n\tat org.openqa.selenium.remote.RemoteWebDriver.execute(RemoteWebDriver.java:552)\n\tat org.openqa.selenium.remote.RemoteWebElement.execute(RemoteWebElement.java:285)\n\tat org.openqa.selenium.remote.RemoteWebElement.sendKeys(RemoteWebElement.java:106)\n\tat sun.reflect.NativeMethodAccessorImpl.invoke0(Native Method)\n\tat sun.reflect.NativeMethodAccessorImpl.invoke(NativeMethodAccessorImpl.java:62)\n\tat sun.reflect.DelegatingMethodAccessorImpl.invoke(DelegatingMethodAccessorImpl.java:43)\n\tat java.lang.reflect.Method.invoke(Method.java:498)\n\tat org.openqa.selenium.support.pagefactory.internal.LocatingElementHandler.invoke(LocatingElementHandler.java:51)\n\tat com.sun.proxy.$Proxy18.sendKeys(Unknown Source)\n\tat PageObject.UserAndPermissions.clickIntoAddCertificateButton(UserAndPermissions.java:313)\n\tat Tests.DodanieCertyfikatuDoUsera.test(DodanieCertyfikatuDoUsera.java:26)\n\tat sun.reflect.NativeMethodAccessorImpl.invoke0(Native Method)\n\tat sun.reflect.NativeMethodAccessorImpl.invoke(NativeMethodAccessorImpl.java:62)\n\tat sun.reflect.DelegatingMethodAccessorImpl.invoke(DelegatingMethodAccessorImpl.java:43)\n\tat java.lang.reflect.Method.invoke(Method.java:498)\n\tat org.testng.internal.MethodInvocationHelper.invokeMethod(MethodInvocationHelper.java:133)\n\tat org.testng.internal.TestInvoker.invokeMethod(TestInvoker.java:584)\n\tat org.testng.internal.TestInvoker.retryFailed(TestInvoker.java:204)\n\tat org.testng.internal.MethodRunner.runInSequence(MethodRunner.java:58)\n\tat org.testng.internal.TestInvoker$MethodInvocationAgent.invoke(TestInvoker.java:804)\n\tat org.testng.internal.TestInvoker.invokeTestMethods(TestInvoker.java:145)\n\tat org.testng.internal.TestMethodWorker.invokeTestMethods(TestMethodWorker.java:146)\n\tat org.testng.internal.TestMethodWorker.run(TestMethodWorker.java:128)\n\tat java.util.ArrayList.forEach(ArrayList.java:1259)\n\tat org.testng.TestRunner.privateRun(TestRunner.java:770)\n\tat org.testng.TestRunner.run(TestRunner.java:591)\n\tat org.testng.SuiteRunner.runTest(SuiteRunner.java:402)\n\tat org.testng.SuiteRunner.runSequentially(SuiteRunner.java:396)\n\tat org.testng.SuiteRunner.privateRun(SuiteRunner.java:355)\n\tat org.testng.SuiteRunner.run(SuiteRunner.java:304)\n\tat org.testng.SuiteRunnerWorker.runSuite(SuiteRunnerWorker.java:53)\n\tat org.testng.SuiteRunnerWorker.run(SuiteRunnerWorker.java:96)\n\tat org.testng.TestNG.runSuitesSequentially(TestNG.java:1180)\n\tat org.testng.TestNG.runSuitesLocally(TestNG.java:1102)\n\tat org.testng.TestNG.runSuites(TestNG.java:1032)\n\tat org.testng.TestNG.run(TestNG.java:1000)\n\tat org.apache.maven.surefire.testng.TestNGExecutor.run(TestNGExecutor.java:283)\n\tat org.apache.maven.surefire.testng.TestNGXmlTestSuite.execute(TestNGXmlTestSuite.java:75)\n\tat org.apache.maven.surefire.testng.TestNGProvider.invoke(TestNGProvider.java:120)\n\tat org.apache.maven.surefire.booter.ForkedBooter.invokeProviderInSameClassLoader(ForkedBooter.java:379)\n\tat org.apache.maven.surefire.booter.ForkedBooter.runSuitesInProcess(ForkedBooter.java:340)\n\tat org.apache.maven.surefire.booter.ForkedBooter.execute(ForkedBooter.java:125)\n\tat org.apache.maven.surefire.booter.ForkedBooter.main(ForkedBooter.java:413)\n"},"stage":"finished","steps":[],"attachments":[],"parameters":[],"start":1602587959802,"stop":1602587959841}],"attachments":[],"parameters":[],"start":1602587946282,"stop":1602587959850,"uuid":"facf4743-f500-4432-8894-2dc7cac13a79","historyId":"cd71c1abb513a2265366ba9cda3bdac1","fullName":"Tests.DodanieCertyfikatuDoUsera.test","labels":[{"name":"package","value":"Tests.DodanieCertyfikatuDoUsera"},{"name":"testClass","value":"Tests.DodanieCertyfikatuDoUsera"},{"name":"testMethod","value":"test"},{"name":"parentSuite","value":"TESTS"},{"name":"suite","value":"Tests.DodanieCertyfikatuDoUsera"},{"name":"subSuite","value":"Tests.DodanieCertyfikatuDoUsera"},{"name":"host","value":"vmWCO"},{"name":"thread","value":"3802683@vmWCO.main(1)"},{"name":"framework","value":"testng"},{"name":"language","value":"java"}],"links":[]}