<?xml version="1.0" encoding="UTF-8"?>
<!-- Generated by org.testng.reporters.JUnitXMLReporter -->
<testsuite hostname="vmWCO" ignored="0" name="Tests.PoprawneLogowanieTest" tests="2" failures="1" timestamp="2020-10-07T16:10:54 CEST" time="72.66" errors="0">
  <testcase name="test" time="31.506" classname="Tests.PoprawneLogowanieTest">
    <skipped/>
  </testcase> <!-- test -->
  <testcase name="test" time="31.293" classname="Tests.PoprawneLogowanieTest">
    <failure type="org.openqa.selenium.TimeoutException" message="Expected condition failed: waiting for element to be clickable: [[RemoteWebDriver: chrome on LINUX (bb1bee00e17e492cc7884d7dcad6c860)] -&amp;gt; xpath: /html/body/app-root/cookie-law/cookie-law-component/div/div/a] (tried for 30 second(s) with 500 milliseconds interval)
Build info: version: &amp;apos;3.141.5&amp;apos;, revision: &amp;apos;d54ebd709a&amp;apos;, time: &amp;apos;2018-11-06T11:42:16&amp;apos;
System info: host: &amp;apos;vmWCO&amp;apos;, ip: &amp;apos;172.25.0.33&amp;apos;, os.name: &amp;apos;Linux&amp;apos;, os.arch: &amp;apos;amd64&amp;apos;, os.version: &amp;apos;4.18.0-193.14.2.el8_2.x86_64&amp;apos;, java.version: &amp;apos;1.8.0_265&amp;apos;
Driver info: org.openqa.selenium.remote.RemoteWebDriver
Capabilities {acceptInsecureCerts: false, browserName: chrome, browserVersion: 85.0.4183.102, chrome: {chromedriverVersion: 85.0.4183.87 (cd6713ebf92fa..., userDataDir: /tmp/.com.google.Chrome.TwbArq}, goog:chromeOptions: {debuggerAddress: localhost:39463}, javascriptEnabled: true, networkConnectionEnabled: false, pageLoadStrategy: normal, platform: LINUX, platformName: LINUX, proxy: Proxy(), setWindowRect: true, strictFileInteractability: false, timeouts: {implicit: 0, pageLoad: 300000, script: 30000}, unhandledPromptBehavior: dismiss and notify, webauthn:virtualAuthenticators: true, webdriver.remote.sessionid: bb1bee00e17e492cc7884d7dcad...}
Session ID: bb1bee00e17e492cc7884d7dcad6c860">
      <![CDATA[org.openqa.selenium.TimeoutException: Expected condition failed: waiting for element to be clickable: [[RemoteWebDriver: chrome on LINUX (bb1bee00e17e492cc7884d7dcad6c860)] -> xpath: /html/body/app-root/cookie-law/cookie-law-component/div/div/a] (tried for 30 second(s) with 500 milliseconds interval)
Build info: version: '3.141.5', revision: 'd54ebd709a', time: '2018-11-06T11:42:16'
System info: host: 'vmWCO', ip: '172.25.0.33', os.name: 'Linux', os.arch: 'amd64', os.version: '4.18.0-193.14.2.el8_2.x86_64', java.version: '1.8.0_265'
Driver info: org.openqa.selenium.remote.RemoteWebDriver
Capabilities {acceptInsecureCerts: false, browserName: chrome, browserVersion: 85.0.4183.102, chrome: {chromedriverVersion: 85.0.4183.87 (cd6713ebf92fa..., userDataDir: /tmp/.com.google.Chrome.TwbArq}, goog:chromeOptions: {debuggerAddress: localhost:39463}, javascriptEnabled: true, networkConnectionEnabled: false, pageLoadStrategy: normal, platform: LINUX, platformName: LINUX, proxy: Proxy(), setWindowRect: true, strictFileInteractability: false, timeouts: {implicit: 0, pageLoad: 300000, script: 30000}, unhandledPromptBehavior: dismiss and notify, webauthn:virtualAuthenticators: true, webdriver.remote.sessionid: bb1bee00e17e492cc7884d7dcad...}
Session ID: bb1bee00e17e492cc7884d7dcad6c860
at org.openqa.selenium.support.ui.WebDriverWait.timeoutException(WebDriverWait.java:95)
at org.openqa.selenium.support.ui.FluentWait.until(FluentWait.java:272)
at PageObject.LoginPage.typeIntoPasswordField(LoginPage.java:62)
at Tests.PoprawneLogowanieTest.test(PoprawneLogowanieTest.java:15)
at java.util.ArrayList.forEach(ArrayList.java:1259)
... Removed 31 stack frames]]>
    </failure>
  </testcase> <!-- test -->
</testsuite> <!-- Tests.PoprawneLogowanieTest -->
