<?xml version="1.0" encoding="UTF-8"?>
<testsuite xmlns:xsi="http://www.w3.org/2001/XMLSchema-instance" xsi:noNamespaceSchemaLocation="https://maven.apache.org/surefire/maven-surefire-plugin/xsd/surefire-test-report.xsd" name="TestSuite" time="58.497" tests="2" errors="0" skipped="1" failures="1">
  <properties>
    <property name="awt.toolkit" value="sun.awt.X11.XToolkit"/>
    <property name="file.encoding.pkg" value="sun.io"/>
    <property name="java.specification.version" value="1.8"/>
    <property name="sun.cpu.isalist" value=""/>
    <property name="sun.jnu.encoding" value="UTF-8"/>
    <property name="java.class.path" value="/tmp/test_tool/testFilesFolder/WCO/test2/DodanieCertyfikatuDoUsera/target/test-classes:/tmp/test_tool/testFilesFolder/WCO/test2/DodanieCertyfikatuDoUsera/target/classes:/home/wco/.m2/repository/org/testng/testng/7.0.0/testng-7.0.0.jar:/home/wco/.m2/repository/com/beust/jcommander/1.72/jcommander-1.72.jar:/home/wco/.m2/repository/org/aspectj/aspectjweaver/1.9.2/aspectjweaver-1.9.2.jar:/home/wco/.m2/repository/javax/xml/bind/jaxb-api/2.3.0/jaxb-api-2.3.0.jar:/home/wco/.m2/repository/org/seleniumhq/selenium/selenium-java/3.141.5/selenium-java-3.141.5.jar:/home/wco/.m2/repository/org/seleniumhq/selenium/selenium-api/3.141.5/selenium-api-3.141.5.jar:/home/wco/.m2/repository/org/seleniumhq/selenium/selenium-chrome-driver/3.141.5/selenium-chrome-driver-3.141.5.jar:/home/wco/.m2/repository/org/seleniumhq/selenium/selenium-edge-driver/3.141.5/selenium-edge-driver-3.141.5.jar:/home/wco/.m2/repository/org/seleniumhq/selenium/selenium-firefox-driver/3.141.5/selenium-firefox-driver-3.141.5.jar:/home/wco/.m2/repository/org/seleniumhq/selenium/selenium-ie-driver/3.141.5/selenium-ie-driver-3.141.5.jar:/home/wco/.m2/repository/org/seleniumhq/selenium/selenium-opera-driver/3.141.5/selenium-opera-driver-3.141.5.jar:/home/wco/.m2/repository/org/seleniumhq/selenium/selenium-remote-driver/3.141.5/selenium-remote-driver-3.141.5.jar:/home/wco/.m2/repository/org/seleniumhq/selenium/selenium-safari-driver/3.141.5/selenium-safari-driver-3.141.5.jar:/home/wco/.m2/repository/org/seleniumhq/selenium/selenium-support/3.141.5/selenium-support-3.141.5.jar:/home/wco/.m2/repository/net/bytebuddy/byte-buddy/1.8.15/byte-buddy-1.8.15.jar:/home/wco/.m2/repository/org/apache/commons/commons-exec/1.3/commons-exec-1.3.jar:/home/wco/.m2/repository/com/google/guava/guava/25.0-jre/guava-25.0-jre.jar:/home/wco/.m2/repository/com/google/code/findbugs/jsr305/1.3.9/jsr305-1.3.9.jar:/home/wco/.m2/repository/org/checkerframework/checker-compat-qual/2.0.0/checker-compat-qual-2.0.0.jar:/home/wco/.m2/repository/com/google/errorprone/error_prone_annotations/2.1.3/error_prone_annotations-2.1.3.jar:/home/wco/.m2/repository/com/google/j2objc/j2objc-annotations/1.1/j2objc-annotations-1.1.jar:/home/wco/.m2/repository/org/codehaus/mojo/animal-sniffer-annotations/1.14/animal-sniffer-annotations-1.14.jar:/home/wco/.m2/repository/com/squareup/okhttp3/okhttp/3.11.0/okhttp-3.11.0.jar:/home/wco/.m2/repository/com/squareup/okio/okio/1.14.0/okio-1.14.0.jar:/home/wco/.m2/repository/org/slf4j/slf4j-simple/1.7.21/slf4j-simple-1.7.21.jar:/home/wco/.m2/repository/org/slf4j/slf4j-api/1.7.21/slf4j-api-1.7.21.jar:/home/wco/.m2/repository/io/github/bonigarcia/webdrivermanager/3.7.1/webdrivermanager-3.7.1.jar:/home/wco/.m2/repository/commons-io/commons-io/2.6/commons-io-2.6.jar:/home/wco/.m2/repository/com/google/code/gson/gson/2.8.5/gson-2.8.5.jar:/home/wco/.m2/repository/org/apache/commons/commons-lang3/3.8.1/commons-lang3-3.8.1.jar:/home/wco/.m2/repository/org/apache/httpcomponents/httpclient/4.5.6/httpclient-4.5.6.jar:/home/wco/.m2/repository/org/apache/httpcomponents/httpcore/4.4.10/httpcore-4.4.10.jar:/home/wco/.m2/repository/commons-logging/commons-logging/1.2/commons-logging-1.2.jar:/home/wco/.m2/repository/commons-codec/commons-codec/1.10/commons-codec-1.10.jar:/home/wco/.m2/repository/org/rauschig/jarchivelib/1.0.0/jarchivelib-1.0.0.jar:/home/wco/.m2/repository/org/apache/commons/commons-compress/1.18/commons-compress-1.18.jar:/home/wco/.m2/repository/org/jsoup/jsoup/1.11.3/jsoup-1.11.3.jar:/home/wco/.m2/repository/io/qameta/allure/allure-testng/2.13.1/allure-testng-2.13.1.jar:/home/wco/.m2/repository/io/qameta/allure/allure-java-commons/2.13.1/allure-java-commons-2.13.1.jar:/home/wco/.m2/repository/io/qameta/allure/allure-model/2.13.1/allure-model-2.13.1.jar:/home/wco/.m2/repository/com/fasterxml/jackson/core/jackson-databind/2.9.8/jackson-databind-2.9.8.jar:/home/wco/.m2/repository/com/fasterxml/jackson/core/jackson-annotations/2.9.0/jackson-annotations-2.9.0.jar:/home/wco/.m2/repository/com/fasterxml/jackson/core/jackson-core/2.9.8/jackson-core-2.9.8.jar:/home/wco/.m2/repository/org/apache/tika/tika-core/1.20/tika-core-1.20.jar:/home/wco/.m2/repository/org/jooq/joor-java-8/0.9.10/joor-java-8-0.9.10.jar:/home/wco/.m2/repository/org/apache/logging/log4j/log4j-core/2.10.0/log4j-core-2.10.0.jar:/home/wco/.m2/repository/org/apache/logging/log4j/log4j-api/2.10.0/log4j-api-2.10.0.jar:/home/wco/.m2/repository/org/apache/maven/surefire/surefire-testng-utils/2.21.0/surefire-testng-utils-2.21.0.jar:/home/wco/.m2/repository/org/apache/maven/surefire/surefire-grouper/2.21.0/surefire-grouper-2.21.0.jar:"/>
    <property name="java.vm.vendor" value="Oracle Corporation"/>
    <property name="sun.arch.data.model" value="64"/>
    <property name="java.vendor.url" value="http://java.oracle.com/"/>
    <property name="user.timezone" value=""/>
    <property name="java.vm.specification.version" value="1.8"/>
    <property name="os.name" value="Linux"/>
    <property name="user.country" value="US"/>
    <property name="sun.java.launcher" value="SUN_STANDARD"/>
    <property name="sun.boot.library.path" value="/usr/lib/jvm/java-1.8.0-openjdk-1.8.0.265.b01-0.el8_2.x86_64/jre/lib/amd64"/>
    <property name="sun.java.command" value="/tmp/test_tool/testFilesFolder/WCO/test2/DodanieCertyfikatuDoUsera/target/surefire/surefirebooter4590882409857041932.jar /tmp/test_tool/testFilesFolder/WCO/test2/DodanieCertyfikatuDoUsera/target/surefire 2020-10-13T13-13-50_194-jvmRun1 surefire2079801261897982897tmp surefire_141124602295156714203tmp"/>
    <property name="surefire.test.class.path" value="/tmp/test_tool/testFilesFolder/WCO/test2/DodanieCertyfikatuDoUsera/target/test-classes:/tmp/test_tool/testFilesFolder/WCO/test2/DodanieCertyfikatuDoUsera/target/classes:/home/wco/.m2/repository/org/testng/testng/7.0.0/testng-7.0.0.jar:/home/wco/.m2/repository/com/beust/jcommander/1.72/jcommander-1.72.jar:/home/wco/.m2/repository/org/aspectj/aspectjweaver/1.9.2/aspectjweaver-1.9.2.jar:/home/wco/.m2/repository/javax/xml/bind/jaxb-api/2.3.0/jaxb-api-2.3.0.jar:/home/wco/.m2/repository/org/seleniumhq/selenium/selenium-java/3.141.5/selenium-java-3.141.5.jar:/home/wco/.m2/repository/org/seleniumhq/selenium/selenium-api/3.141.5/selenium-api-3.141.5.jar:/home/wco/.m2/repository/org/seleniumhq/selenium/selenium-chrome-driver/3.141.5/selenium-chrome-driver-3.141.5.jar:/home/wco/.m2/repository/org/seleniumhq/selenium/selenium-edge-driver/3.141.5/selenium-edge-driver-3.141.5.jar:/home/wco/.m2/repository/org/seleniumhq/selenium/selenium-firefox-driver/3.141.5/selenium-firefox-driver-3.141.5.jar:/home/wco/.m2/repository/org/seleniumhq/selenium/selenium-ie-driver/3.141.5/selenium-ie-driver-3.141.5.jar:/home/wco/.m2/repository/org/seleniumhq/selenium/selenium-opera-driver/3.141.5/selenium-opera-driver-3.141.5.jar:/home/wco/.m2/repository/org/seleniumhq/selenium/selenium-remote-driver/3.141.5/selenium-remote-driver-3.141.5.jar:/home/wco/.m2/repository/org/seleniumhq/selenium/selenium-safari-driver/3.141.5/selenium-safari-driver-3.141.5.jar:/home/wco/.m2/repository/org/seleniumhq/selenium/selenium-support/3.141.5/selenium-support-3.141.5.jar:/home/wco/.m2/repository/net/bytebuddy/byte-buddy/1.8.15/byte-buddy-1.8.15.jar:/home/wco/.m2/repository/org/apache/commons/commons-exec/1.3/commons-exec-1.3.jar:/home/wco/.m2/repository/com/google/guava/guava/25.0-jre/guava-25.0-jre.jar:/home/wco/.m2/repository/com/google/code/findbugs/jsr305/1.3.9/jsr305-1.3.9.jar:/home/wco/.m2/repository/org/checkerframework/checker-compat-qual/2.0.0/checker-compat-qual-2.0.0.jar:/home/wco/.m2/repository/com/google/errorprone/error_prone_annotations/2.1.3/error_prone_annotations-2.1.3.jar:/home/wco/.m2/repository/com/google/j2objc/j2objc-annotations/1.1/j2objc-annotations-1.1.jar:/home/wco/.m2/repository/org/codehaus/mojo/animal-sniffer-annotations/1.14/animal-sniffer-annotations-1.14.jar:/home/wco/.m2/repository/com/squareup/okhttp3/okhttp/3.11.0/okhttp-3.11.0.jar:/home/wco/.m2/repository/com/squareup/okio/okio/1.14.0/okio-1.14.0.jar:/home/wco/.m2/repository/org/slf4j/slf4j-simple/1.7.21/slf4j-simple-1.7.21.jar:/home/wco/.m2/repository/org/slf4j/slf4j-api/1.7.21/slf4j-api-1.7.21.jar:/home/wco/.m2/repository/io/github/bonigarcia/webdrivermanager/3.7.1/webdrivermanager-3.7.1.jar:/home/wco/.m2/repository/commons-io/commons-io/2.6/commons-io-2.6.jar:/home/wco/.m2/repository/com/google/code/gson/gson/2.8.5/gson-2.8.5.jar:/home/wco/.m2/repository/org/apache/commons/commons-lang3/3.8.1/commons-lang3-3.8.1.jar:/home/wco/.m2/repository/org/apache/httpcomponents/httpclient/4.5.6/httpclient-4.5.6.jar:/home/wco/.m2/repository/org/apache/httpcomponents/httpcore/4.4.10/httpcore-4.4.10.jar:/home/wco/.m2/repository/commons-logging/commons-logging/1.2/commons-logging-1.2.jar:/home/wco/.m2/repository/commons-codec/commons-codec/1.10/commons-codec-1.10.jar:/home/wco/.m2/repository/org/rauschig/jarchivelib/1.0.0/jarchivelib-1.0.0.jar:/home/wco/.m2/repository/org/apache/commons/commons-compress/1.18/commons-compress-1.18.jar:/home/wco/.m2/repository/org/jsoup/jsoup/1.11.3/jsoup-1.11.3.jar:/home/wco/.m2/repository/io/qameta/allure/allure-testng/2.13.1/allure-testng-2.13.1.jar:/home/wco/.m2/repository/io/qameta/allure/allure-java-commons/2.13.1/allure-java-commons-2.13.1.jar:/home/wco/.m2/repository/io/qameta/allure/allure-model/2.13.1/allure-model-2.13.1.jar:/home/wco/.m2/repository/com/fasterxml/jackson/core/jackson-databind/2.9.8/jackson-databind-2.9.8.jar:/home/wco/.m2/repository/com/fasterxml/jackson/core/jackson-annotations/2.9.0/jackson-annotations-2.9.0.jar:/home/wco/.m2/repository/com/fasterxml/jackson/core/jackson-core/2.9.8/jackson-core-2.9.8.jar:/home/wco/.m2/repository/org/apache/tika/tika-core/1.20/tika-core-1.20.jar:/home/wco/.m2/repository/org/jooq/joor-java-8/0.9.10/joor-java-8-0.9.10.jar:/home/wco/.m2/repository/org/apache/logging/log4j/log4j-core/2.10.0/log4j-core-2.10.0.jar:/home/wco/.m2/repository/org/apache/logging/log4j/log4j-api/2.10.0/log4j-api-2.10.0.jar:/home/wco/.m2/repository/org/apache/maven/surefire/surefire-testng-utils/2.21.0/surefire-testng-utils-2.21.0.jar:/home/wco/.m2/repository/org/apache/maven/surefire/surefire-grouper/2.21.0/surefire-grouper-2.21.0.jar:"/>
    <property name="sun.cpu.endian" value="little"/>
    <property name="allure.results.directory" value="/tmp/test_tool/testFilesFolder/WCO/test2/DodanieCertyfikatuDoUsera/target/allure-results"/>
    <property name="user.home" value="/home/wco"/>
    <property name="user.language" value="en"/>
    <property name="java.specification.vendor" value="Oracle Corporation"/>
    <property name="java.home" value="/usr/lib/jvm/java-1.8.0-openjdk-1.8.0.265.b01-0.el8_2.x86_64/jre"/>
    <property name="basedir" value="/tmp/test_tool/testFilesFolder/WCO/test2/DodanieCertyfikatuDoUsera"/>
    <property name="file.separator" value="/"/>
    <property name="line.separator" value="&#10;"/>
    <property name="java.vm.specification.vendor" value="Oracle Corporation"/>
    <property name="java.specification.name" value="Java Platform API Specification"/>
    <property name="java.awt.graphicsenv" value="sun.awt.X11GraphicsEnvironment"/>
    <property name="surefire.real.class.path" value="/tmp/test_tool/testFilesFolder/WCO/test2/DodanieCertyfikatuDoUsera/target/surefire/surefirebooter4590882409857041932.jar:/home/wco/.m2/repository/org/aspectj/aspectjweaver/1.9.2/aspectjweaver-1.9.2.jar"/>
    <property name="sun.boot.class.path" value="/usr/lib/jvm/java-1.8.0-openjdk-1.8.0.265.b01-0.el8_2.x86_64/jre/lib/resources.jar:/usr/lib/jvm/java-1.8.0-openjdk-1.8.0.265.b01-0.el8_2.x86_64/jre/lib/rt.jar:/usr/lib/jvm/java-1.8.0-openjdk-1.8.0.265.b01-0.el8_2.x86_64/jre/lib/sunrsasign.jar:/usr/lib/jvm/java-1.8.0-openjdk-1.8.0.265.b01-0.el8_2.x86_64/jre/lib/jsse.jar:/usr/lib/jvm/java-1.8.0-openjdk-1.8.0.265.b01-0.el8_2.x86_64/jre/lib/jce.jar:/usr/lib/jvm/java-1.8.0-openjdk-1.8.0.265.b01-0.el8_2.x86_64/jre/lib/charsets.jar:/usr/lib/jvm/java-1.8.0-openjdk-1.8.0.265.b01-0.el8_2.x86_64/jre/lib/jfr.jar:/usr/lib/jvm/java-1.8.0-openjdk-1.8.0.265.b01-0.el8_2.x86_64/jre/classes"/>
    <property name="sun.management.compiler" value="HotSpot 64-Bit Tiered Compilers"/>
    <property name="java.runtime.version" value="1.8.0_265-b01"/>
    <property name="user.name" value="wco"/>
    <property name="path.separator" value=":"/>
    <property name="os.version" value="4.18.0-193.14.2.el8_2.x86_64"/>
    <property name="java.endorsed.dirs" value="/usr/lib/jvm/java-1.8.0-openjdk-1.8.0.265.b01-0.el8_2.x86_64/jre/lib/endorsed"/>
    <property name="java.runtime.name" value="OpenJDK Runtime Environment"/>
    <property name="file.encoding" value="UTF-8"/>
    <property name="java.vm.name" value="OpenJDK 64-Bit Server VM"/>
    <property name="localRepository" value="/home/wco/.m2/repository"/>
    <property name="java.vendor.url.bug" value="http://bugreport.sun.com/bugreport/"/>
    <property name="java.io.tmpdir" value="/tmp"/>
    <property name="java.version" value="1.8.0_265"/>
    <property name="user.dir" value="/tmp/test_tool/testFilesFolder/WCO/test2/DodanieCertyfikatuDoUsera"/>
    <property name="os.arch" value="amd64"/>
    <property name="java.vm.specification.name" value="Java Virtual Machine Specification"/>
    <property name="java.awt.printerjob" value="sun.print.PSPrinterJob"/>
    <property name="sun.os.patch.level" value="unknown"/>
    <property name="java.library.path" value="/usr/java/packages/lib/amd64:/usr/lib64:/lib64:/lib:/usr/lib"/>
    <property name="java.vm.info" value="mixed mode"/>
    <property name="java.vendor" value="Oracle Corporation"/>
    <property name="java.vm.version" value="25.265-b01"/>
    <property name="java.ext.dirs" value="/usr/lib/jvm/java-1.8.0-openjdk-1.8.0.265.b01-0.el8_2.x86_64/jre/lib/ext:/usr/java/packages/lib/ext"/>
    <property name="sun.io.unicode.encoding" value="UnicodeLittle"/>
    <property name="java.class.version" value="52.0"/>
  </properties>
  <testcase name="test" classname="Tests.DodanieCertyfikatuDoUsera" time="0">
    <skipped message="Expected condition failed: waiting for element to be clickable: Proxy element for: DefaultElementLocator &apos;By.xpath: (//button[text()=&quot; Certyfikat &quot;])[last()]&apos; (tried for 30 second(s) with 500 milliseconds interval)"/>
    <system-out><![CDATA[Open Browser
test test case started
test test case started
phone
user
click login
Retrying test test with status FAILURE for the 1 time(s).
The name of the testcase Skipped is :test
]]></system-out>
    <system-err><![CDATA[Oct 13, 2020 1:18:23 PM org.openqa.selenium.remote.ProtocolHandshake createSession
INFO: Detected dialect: W3C
]]></system-err>
  </testcase>
  <testcase name="test" classname="Tests.DodanieCertyfikatuDoUsera" time="13.57">
    <failure message="invalid argument: File not found : src/test/java/resources/123.crt&#10;  (Session info: headless chrome=86.0.4240.75)&#10;Build info: version: &apos;3.141.5&apos;, revision: &apos;d54ebd709a&apos;, time: &apos;2018-11-06T11:42:16&apos;&#10;System info: host: &apos;vmWCO&apos;, ip: &apos;172.25.0.33&apos;, os.name: &apos;Linux&apos;, os.arch: &apos;amd64&apos;, os.version: &apos;4.18.0-193.14.2.el8_2.x86_64&apos;, java.version: &apos;1.8.0_265&apos;&#10;Driver info: org.openqa.selenium.remote.RemoteWebDriver&#10;Capabilities {acceptInsecureCerts: false, browserName: chrome, browserVersion: 86.0.4240.75, chrome: {chromedriverVersion: 85.0.4183.87 (cd6713ebf92fa..., userDataDir: /tmp/.com.google.Chrome.MQ8D3c}, goog:chromeOptions: {debuggerAddress: localhost:42937}, javascriptEnabled: true, networkConnectionEnabled: false, pageLoadStrategy: normal, platform: LINUX, platformName: LINUX, proxy: Proxy(), setWindowRect: true, strictFileInteractability: false, timeouts: {implicit: 0, pageLoad: 300000, script: 30000}, unhandledPromptBehavior: dismiss and notify, webauthn:virtualAuthenticators: true, webdriver.remote.sessionid: 6a86a65c20f1bb10e9fd28cc9f6...}&#10;Session ID: 6a86a65c20f1bb10e9fd28cc9f62e465" type="org.openqa.selenium.InvalidArgumentException">org.openqa.selenium.InvalidArgumentException: 
invalid argument: File not found : src/test/java/resources/123.crt
  (Session info: headless chrome=86.0.4240.75)
Build info: version: '3.141.5', revision: 'd54ebd709a', time: '2018-11-06T11:42:16'
System info: host: 'vmWCO', ip: '172.25.0.33', os.name: 'Linux', os.arch: 'amd64', os.version: '4.18.0-193.14.2.el8_2.x86_64', java.version: '1.8.0_265'
Driver info: org.openqa.selenium.remote.RemoteWebDriver
Capabilities {acceptInsecureCerts: false, browserName: chrome, browserVersion: 86.0.4240.75, chrome: {chromedriverVersion: 85.0.4183.87 (cd6713ebf92fa..., userDataDir: /tmp/.com.google.Chrome.MQ8D3c}, goog:chromeOptions: {debuggerAddress: localhost:42937}, javascriptEnabled: true, networkConnectionEnabled: false, pageLoadStrategy: normal, platform: LINUX, platformName: LINUX, proxy: Proxy(), setWindowRect: true, strictFileInteractability: false, timeouts: {implicit: 0, pageLoad: 300000, script: 30000}, unhandledPromptBehavior: dismiss and notify, webauthn:virtualAuthenticators: true, webdriver.remote.sessionid: 6a86a65c20f1bb10e9fd28cc9f6...}
Session ID: 6a86a65c20f1bb10e9fd28cc9f62e465
	at Tests.DodanieCertyfikatuDoUsera.test(DodanieCertyfikatuDoUsera.java:26)
</failure>
    <system-out><![CDATA[The name of the testcase Skipped is :test
Closing Browser
Open Browser
test test case started
test test case started
phone
user
click login
The name of the testcase failed is :test
]]></system-out>
    <system-err><![CDATA[Oct 13, 2020 1:19:02 PM org.openqa.selenium.remote.ProtocolHandshake createSession
INFO: Detected dialect: W3C
]]></system-err>
  </testcase>
</testsuite>