-------------------------------------------------------------------------------
Test set: TestSuite
-------------------------------------------------------------------------------
Tests run: 2, Failures: 1, Errors: 0, Skipped: 1, Time elapsed: 78.626 s <<< FAILURE! - in TestSuite
test(Tests.EdycjaUstawienNagrywania)  Time elapsed: 33.909 s  <<< FAILURE!
org.openqa.selenium.TimeoutException: Expected condition failed: waiting for element to be clickable: Proxy element for: DefaultElementLocator 'By.xpath: //button[contains(@id,'_edit_element')]' (tried for 30 second(s) with 500 milliseconds interval)
	at Tests.EdycjaUstawienNagrywania.test(EdycjaUstawienNagrywania.java:29)
Caused by: org.openqa.selenium.NoSuchElementException: 
no such element: Unable to locate element: {"method":"xpath","selector":"//button[contains(@id,'_edit_element')]"}
  (Session info: headless chrome=86.0.4240.75)
For documentation on this error, please visit: http://seleniumhq.org/exceptions/no_such_element.html
Build info: version: '3.141.5', revision: 'd54ebd709a', time: '2018-11-06T11:42:16'
System info: host: 'vmWCO', ip: '172.25.0.33', os.name: 'Linux', os.arch: 'amd64', os.version: '4.18.0-193.14.2.el8_2.x86_64', java.version: '1.8.0_265'
Driver info: org.openqa.selenium.remote.RemoteWebDriver
Capabilities {acceptInsecureCerts: false, browserName: chrome, browserVersion: 86.0.4240.75, chrome: {chromedriverVersion: 85.0.4183.87 (cd6713ebf92fa..., userDataDir: /tmp/.com.google.Chrome.lU3UOt}, goog:chromeOptions: {debuggerAddress: localhost:42685}, javascriptEnabled: true, networkConnectionEnabled: false, pageLoadStrategy: normal, platform: LINUX, platformName: LINUX, proxy: Proxy(), setWindowRect: true, strictFileInteractability: false, timeouts: {implicit: 0, pageLoad: 300000, script: 30000}, unhandledPromptBehavior: dismiss and notify, webauthn:virtualAuthenticators: true, webdriver.remote.sessionid: 0cea61fa7f15f88190aab8a2a9d...}
Session ID: 0cea61fa7f15f88190aab8a2a9d3bc68
*** Element info: {Using=xpath, value=//button[contains(@id,'_edit_element')]}
	at Tests.EdycjaUstawienNagrywania.test(EdycjaUstawienNagrywania.java:29)

